<?xml version="1.0" encoding="UTF-8"?>
<!-- Generated by org.testng.reporters.JUnitReportReporter -->
<testsuite hostname="DESKTOP-A111KJ9" failures="0" tests="1" name="com.automation.tests.SauceNavigationTest" time="4.028" errors="0" timestamp="7 Nov 2021 14:41:40 GMT">
  <testcase classname="com.automation.tests.SauceNavigationTest" name="verifyUserCanNavigateToProductDetailPageFromHomePage" time="4.028"/>
</testsuite> <!-- com.automation.tests.SauceNavigationTest -->
